[2025-10-28 10:17:13] [INFO ] UserTest2 - ***************   Creating User   *******************
[2025-10-28 10:17:16] [INFO ] UserTest2 - ***************   User is created   *******************
[2025-10-28 10:17:16] [INFO ] UserTest2 - ***************   Getting User   *******************
[2025-10-28 10:17:17] [INFO ] UserTest2 - ***************   User is displayed   *******************
[2025-10-28 10:17:17] [INFO ] UserTest2 - ***************   Updating User   *******************
[2025-10-28 10:17:20] [INFO ] UserTest2 - ***************   User is updated   *******************
[2025-10-28 10:17:20] [INFO ] UserTest2 - ***************   Deleting User   *******************
[2025-10-28 10:17:21] [INFO ] UserTest2 - ***************   User is deleted   *******************
[2025-10-28 10:32:43] [INFO ] UserTest2 - ***************   Creating User   *******************
[2025-10-28 10:32:46] [INFO ] UserTest2 - ***************   User is created   *******************
[2025-10-28 10:32:46] [INFO ] UserTest2 - ***************   Getting User   *******************
[2025-10-28 10:32:47] [INFO ] UserTest2 - ***************   User is displayed   *******************
[2025-10-28 10:32:47] [INFO ] UserTest2 - ***************   Updating User   *******************
[2025-10-28 10:32:50] [INFO ] UserTest2 - ***************   User is updated   *******************
[2025-10-28 10:32:50] [INFO ] UserTest2 - ***************   Deleting User   *******************
[2025-10-28 10:32:51] [INFO ] UserTest2 - ***************   User is deleted   *******************
[2025-10-28 11:01:22] [INFO ] UserTest2 - ***************   Creating User   *******************
[2025-10-28 11:01:25] [INFO ] UserTest2 - ***************   User is created   *******************
[2025-10-28 11:01:25] [INFO ] UserTest2 - ***************   Getting User   *******************
[2025-10-28 11:01:26] [INFO ] UserTest2 - ***************   Updating User   *******************
[2025-10-28 11:01:28] [INFO ] UserTest2 - ***************   User is updated   *******************
[2025-10-28 11:01:28] [INFO ] UserTest2 - ***************   Deleting User   *******************
[2025-10-28 11:01:29] [INFO ] UserTest2 - ***************   User is deleted   *******************
[2025-10-28 11:27:50] [INFO ] UserTest2 - ***************   Creating User   *******************
[2025-10-28 11:27:53] [INFO ] UserTest2 - ***************   User is created   *******************
[2025-10-28 11:27:53] [INFO ] UserTest2 - ***************   Getting User   *******************
[2025-10-28 11:27:54] [INFO ] UserTest2 - ***************   Updating User   *******************
[2025-10-28 11:27:57] [INFO ] UserTest2 - ***************   User is updated   *******************
[2025-10-28 11:27:57] [INFO ] UserTest2 - ***************   Deleting User   *******************
[2025-10-28 15:35:52] [INFO ] UserTest2 - ***************   Creating User   *******************
[2025-10-28 15:35:55] [INFO ] UserTest2 - ***************   User is created   *******************
[2025-10-28 15:35:55] [INFO ] UserTest2 - ***************   Getting User   *******************
[2025-10-28 15:35:56] [INFO ] UserTest2 - ***************   User is displayed   *******************
[2025-10-28 15:35:56] [INFO ] UserTest2 - ***************   Updating User   *******************
[2025-10-28 15:35:58] [INFO ] UserTest2 - ***************   User is updated   *******************
[2025-10-28 15:35:58] [INFO ] UserTest2 - ***************   Deleting User   *******************
[2025-10-28 15:36:00] [INFO ] UserTest2 - ***************   User is deleted   *******************
[2025-10-28 15:40:59] [INFO ] UserTest2 - ***************   Creating User   *******************
[2025-10-28 15:41:02] [INFO ] UserTest2 - ***************   User is created   *******************
[2025-10-28 15:41:02] [INFO ] UserTest2 - ***************   Getting User   *******************
[2025-10-28 15:41:03] [INFO ] UserTest2 - ***************   Updating User   *******************
[2025-10-28 15:41:06] [INFO ] UserTest2 - ***************   Deleting User   *******************
[2025-10-28 15:41:08] [INFO ] UserTest2 - ***************   User is deleted   *******************
