[2025-10-27 23:22:45] [INFO ] UserTest - ***************   Creating User   *******************
[2025-10-27 23:22:48] [INFO ] UserTest - ***************   User is created   *******************
[2025-10-27 23:22:48] [INFO ] UserTest - ***************   Getting User   *******************
[2025-10-27 23:22:49] [INFO ] UserTest - ***************   Updating User   *******************
[2025-10-27 23:22:51] [INFO ] UserTest - ***************   User is updated   *******************
[2025-10-27 23:22:51] [INFO ] UserTest - ***************   Deleting User   *******************
[2025-10-27 23:22:53] [INFO ] UserTest - ***************   User is deleted   *******************
[2025-10-27 23:23:39] [INFO ] UserTest - ***************   Creating User   *******************
[2025-10-27 23:23:42] [INFO ] UserTest - ***************   User is created   *******************
[2025-10-27 23:23:42] [INFO ] UserTest - ***************   Getting User   *******************
[2025-10-27 23:23:43] [INFO ] UserTest - ***************   Updating User   *******************
[2025-10-27 23:23:45] [INFO ] UserTest - ***************   User is updated   *******************
[2025-10-27 23:23:45] [INFO ] UserTest - ***************   Deleting User   *******************
[2025-10-27 23:23:47] [INFO ] UserTest - ***************   User is deleted   *******************
[2025-10-27 23:25:23] [INFO ] UserTest - ***************   Creating User   *******************
[2025-10-27 23:25:26] [INFO ] UserTest - ***************   User is created   *******************
[2025-10-27 23:25:26] [INFO ] UserTest - ***************   Getting User   *******************
[2025-10-27 23:25:27] [INFO ] UserTest - ***************   Updating User   *******************
[2025-10-27 23:25:30] [INFO ] UserTest - ***************   User is updated   *******************
[2025-10-27 23:25:30] [INFO ] UserTest - ***************   Deleting User   *******************
[2025-10-27 23:25:32] [INFO ] UserTest - ***************   User is deleted   *******************
