[2025-10-29 10:19:09] [INFO ] UserTest2 - ***************   Creating User   *******************
[2025-10-29 10:19:12] [INFO ] UserTest2 - ***************   User is created   *******************
[2025-10-29 10:19:12] [INFO ] UserTest2 - ***************   Getting User   *******************
[2025-10-29 10:19:13] [INFO ] UserTest2 - ***************   Updating User   *******************
[2025-10-29 10:19:15] [INFO ] UserTest2 - ***************   Deleting User   *******************
[2025-10-29 10:19:17] [INFO ] UserTest2 - ***************   User is deleted   *******************
[2025-10-29 10:21:33] [INFO ] UserTest2 - ***************   Creating User   *******************
[2025-10-29 10:21:57] [INFO ] UserTest2 - ***************   User is created   *******************
[2025-10-29 10:21:57] [INFO ] UserTest2 - ***************   Getting User   *******************
[2025-10-29 10:22:19] [INFO ] UserTest2 - ***************   User is displayed   *******************
[2025-10-29 10:22:19] [INFO ] UserTest2 - ***************   Updating User   *******************
[2025-10-29 10:22:22] [INFO ] UserTest2 - ***************   User is updated   *******************
[2025-10-29 10:22:22] [INFO ] UserTest2 - ***************   Deleting User   *******************
[2025-10-29 10:22:23] [INFO ] UserTest2 - ***************   User is deleted   *******************
[2025-10-29 10:55:11] [INFO ] UserTest2 - ***************   Creating User   *******************
[2025-10-29 10:55:14] [INFO ] UserTest2 - ***************   User is created   *******************
[2025-10-29 10:55:14] [INFO ] UserTest2 - *************** Waiting 3 seconds before getUser *******************
[2025-10-29 10:55:17] [INFO ] UserTest2 - ***************   Getting User   *******************
[2025-10-29 10:55:18] [INFO ] UserTest2 - ***************   Updating User   *******************
[2025-10-29 10:55:21] [INFO ] UserTest2 - ***************   User is updated   *******************
[2025-10-29 10:55:21] [INFO ] UserTest2 - ***************   Deleting User   *******************
[2025-10-29 10:55:22] [INFO ] UserTest2 - ***************   User is deleted   *******************
